<?xml version="1.0" encoding="UTF-8"?>
<testng-results ignored="0" total="1" passed="1" failed="0" skipped="0">
  <reporter-output>
  </reporter-output>
  <suite started-at="2022-03-03T08:42:53 EST" name="Default suite" finished-at="2022-03-03T08:44:22 EST" duration-ms="88913">
    <groups>
    </groups>
    <test started-at="2022-03-03T08:42:53 EST" name="Default test" finished-at="2022-03-03T08:44:22 EST" duration-ms="88913">
      <class name="MavenProject1P.MPClass1">
        <test-method is-config="true" signature="beforeTest()[pri:0, instance:MavenProject1P.MPClass1@5fdcaa40]" started-at="2022-03-03T08:42:53 EST" name="beforeTest" finished-at="2022-03-03T08:42:56 EST" duration-ms="3231" status="PASS">
          <reporter-output>
          </reporter-output>
        </test-method> <!-- beforeTest -->
        <test-method signature="testEasy()[pri:0, instance:MavenProject1P.MPClass1@5fdcaa40]" started-at="2022-03-03T08:42:56 EST" name="testEasy" finished-at="2022-03-03T08:43:53 EST" duration-ms="57227" status="PASS">
          <reporter-output>
          </reporter-output>
        </test-method> <!-- testEasy -->
        <test-method is-config="true" signature="afterTest()[pri:0, instance:MavenProject1P.MPClass1@5fdcaa40]" started-at="2022-03-03T08:44:21 EST" name="afterTest" finished-at="2022-03-03T08:44:22 EST" duration-ms="352" status="PASS">
          <reporter-output>
          </reporter-output>
        </test-method> <!-- afterTest -->
      </class> <!-- MavenProject1P.MPClass1 -->
    </test> <!-- Default test -->
  </suite> <!-- Default suite -->
</testng-results>
