<?xml version="1.0" encoding="UTF-8"?>
<testng-results ignored="0" total="1" passed="1" failed="0" skipped="0">
  <reporter-output>
  </reporter-output>
  <suite started-at="2022-03-08T23:42:20 EST" name="Suite" finished-at="2022-03-08T23:42:23 EST" duration-ms="2976">
    <groups>
    </groups>
    <test started-at="2022-03-08T23:42:20 EST" name="Test" finished-at="2022-03-08T23:42:23 EST" duration-ms="2976">
      <class name="MavenProject1P.MPClass1">
        <test-method is-config="true" signature="beforeTest()[pri:0, instance:MavenProject1P.MPClass1@15ff3e9e]" started-at="2022-03-08T23:42:20 EST" name="beforeTest" finished-at="2022-03-08T23:42:22 EST" duration-ms="1729" status="PASS">
          <reporter-output>
          </reporter-output>
        </test-method> <!-- beforeTest -->
        <test-method signature="testEasy()[pri:0, instance:MavenProject1P.MPClass1@15ff3e9e]" started-at="2022-03-08T23:42:22 EST" name="testEasy" finished-at="2022-03-08T23:42:23 EST" duration-ms="1051" status="PASS">
          <reporter-output>
          </reporter-output>
        </test-method> <!-- testEasy -->
        <test-method is-config="true" signature="afterTest()[pri:0, instance:MavenProject1P.MPClass1@15ff3e9e]" started-at="2022-03-08T23:42:23 EST" name="afterTest" finished-at="2022-03-08T23:42:23 EST" duration-ms="168" status="PASS">
          <reporter-output>
          </reporter-output>
        </test-method> <!-- afterTest -->
      </class> <!-- MavenProject1P.MPClass1 -->
    </test> <!-- Test -->
  </suite> <!-- Suite -->
</testng-results>
