<?xml version="1.0" encoding="UTF-8"?>
<testng-results ignored="0" total="10" passed="10" failed="0" skipped="0">
  <reporter-output>
  </reporter-output>
  <suite started-at="2022-03-11T00:48:30 EST" name="Suite" finished-at="2022-03-11T00:48:47 EST" duration-ms="17110">
    <groups>
    </groups>
    <test started-at="2022-03-11T00:48:30 EST" name="Test" finished-at="2022-03-11T00:48:47 EST" duration-ms="17110">
      <class name="MyProfile.T02_BrokenLinks">
        <test-method signature="launchBrowser()[pri:1, instance:MyProfile.T02_BrokenLinks@670002]" started-at="2022-03-11T00:48:30 EST" name="launchBrowser" finished-at="2022-03-11T00:48:33 EST" duration-ms="2490" status="PASS">
          <reporter-output>
          </reporter-output>
        </test-method> <!-- launchBrowser -->
        <test-method signature="verifyHomepageTitle()[pri:2, instance:MyProfile.T02_BrokenLinks@670002]" started-at="2022-03-11T00:48:33 EST" name="verifyHomepageTitle" finished-at="2022-03-11T00:48:35 EST" duration-ms="2013" status="PASS">
          <reporter-output>
          </reporter-output>
        </test-method> <!-- verifyHomepageTitle -->
        <test-method signature="BrokenLinksValidation()[pri:3, instance:MyProfile.T02_BrokenLinks@670002]" started-at="2022-03-11T00:48:35 EST" name="BrokenLinksValidation" finished-at="2022-03-11T00:48:36 EST" duration-ms="1077" status="PASS">
          <reporter-output>
          </reporter-output>
        </test-method> <!-- BrokenLinksValidation -->
      </class> <!-- MyProfile.T02_BrokenLinks -->
      <class name="MyProfile.T01_MyProfile">
        <test-method signature="launchBrowser()[pri:1, instance:MyProfile.T01_MyProfile@19bb07ed]" started-at="2022-03-11T00:48:36 EST" name="launchBrowser" finished-at="2022-03-11T00:48:38 EST" duration-ms="2160" status="PASS">
          <reporter-output>
          </reporter-output>
        </test-method> <!-- launchBrowser -->
        <test-method signature="verifyHomepageTitle()[pri:2, instance:MyProfile.T01_MyProfile@19bb07ed]" started-at="2022-03-11T00:48:38 EST" name="verifyHomepageTitle" finished-at="2022-03-11T00:48:40 EST" duration-ms="1912" status="PASS">
          <reporter-output>
          </reporter-output>
        </test-method> <!-- verifyHomepageTitle -->
        <test-method signature="dataEntry()[pri:3, instance:MyProfile.T01_MyProfile@19bb07ed]" started-at="2022-03-11T00:48:40 EST" name="dataEntry" finished-at="2022-03-11T00:48:40 EST" duration-ms="534" status="PASS">
          <reporter-output>
          </reporter-output>
        </test-method> <!-- dataEntry -->
        <test-method signature="chkBoxValidation()[pri:4, instance:MyProfile.T01_MyProfile@19bb07ed]" started-at="2022-03-11T00:48:40 EST" name="chkBoxValidation" finished-at="2022-03-11T00:48:41 EST" duration-ms="436" status="PASS">
          <reporter-output>
          </reporter-output>
        </test-method> <!-- chkBoxValidation -->
        <test-method signature="urlEntry()[pri:5, instance:MyProfile.T01_MyProfile@19bb07ed]" started-at="2022-03-11T00:48:41 EST" name="urlEntry" finished-at="2022-03-11T00:48:42 EST" duration-ms="633" status="PASS">
          <reporter-output>
          </reporter-output>
        </test-method> <!-- urlEntry -->
        <test-method signature="urlDuplicate()[pri:6, instance:MyProfile.T01_MyProfile@19bb07ed]" started-at="2022-03-11T00:48:42 EST" name="urlDuplicate" finished-at="2022-03-11T00:48:43 EST" duration-ms="1575" status="PASS">
          <reporter-output>
          </reporter-output>
        </test-method> <!-- urlDuplicate -->
        <test-method signature="urlDelete()[pri:7, instance:MyProfile.T01_MyProfile@19bb07ed]" started-at="2022-03-11T00:48:43 EST" name="urlDelete" finished-at="2022-03-11T00:48:43 EST" duration-ms="63" status="PASS">
          <reporter-output>
          </reporter-output>
        </test-method> <!-- urlDelete -->
        <test-method is-config="true" signature="terminateBrowser()[pri:0, instance:MyProfile.T01_MyProfile@19bb07ed]" started-at="2022-03-11T00:48:43 EST" name="terminateBrowser" finished-at="2022-03-11T00:48:47 EST" duration-ms="4176" status="PASS">
          <reporter-output>
          </reporter-output>
        </test-method> <!-- terminateBrowser -->
      </class> <!-- MyProfile.T01_MyProfile -->
    </test> <!-- Test -->
  </suite> <!-- Suite -->
</testng-results>
