<?xml version="1.0" encoding="UTF-8"?>
<!-- Generated by org.testng.reporters.JUnitXMLReporter -->
<testsuite ignored="0" hostname="Qaisar-Dell" failures="0" tests="3" name="Default test" time="5.944" errors="0" timestamp="2022-03-11T00:39:32 EST">
  <testcase classname="MyProfile.T02_BrokenLinks" name="launchBrowser" time="2.482"/>
  <testcase classname="MyProfile.T02_BrokenLinks" name="verifyHomepageTitle" time="2.408"/>
  <testcase classname="MyProfile.T02_BrokenLinks" name="BrokenLinksValidation" time="1.011"/>
</testsuite> <!-- Default test -->
