<?xml version="1.0" encoding="UTF-8"?>
<!-- Generated by org.testng.reporters.JUnitXMLReporter -->
<testsuite ignored="0" hostname="Qaisar-Dell" failures="0" tests="10" name="Test" time="17.11" errors="0" timestamp="2022-03-11T00:48:47 EST">
  <testcase classname="MyProfile.T02_BrokenLinks" name="launchBrowser" time="2.49"/>
  <testcase classname="MyProfile.T02_BrokenLinks" name="verifyHomepageTitle" time="2.013"/>
  <testcase classname="MyProfile.T02_BrokenLinks" name="BrokenLinksValidation" time="1.077"/>
  <testcase classname="MyProfile.T01_MyProfile" name="launchBrowser" time="2.16"/>
  <testcase classname="MyProfile.T01_MyProfile" name="verifyHomepageTitle" time="1.912"/>
  <testcase classname="MyProfile.T01_MyProfile" name="dataEntry" time="0.534"/>
  <testcase classname="MyProfile.T01_MyProfile" name="chkBoxValidation" time="0.436"/>
  <testcase classname="MyProfile.T01_MyProfile" name="urlEntry" time="0.633"/>
  <testcase classname="MyProfile.T01_MyProfile" name="urlDuplicate" time="1.575"/>
  <testcase classname="MyProfile.T01_MyProfile" name="urlDelete" time="0.063"/>
</testsuite> <!-- Test -->
